# JRE version: OpenJDK Runtime Environment (11.0.12+7) (build 11.0.12+7-b1504.28-7817840)
# Java VM: OpenJDK 64-Bit Server VM (11.0.12+7-b1504.28-7817840, mixed mode, tiered, compressed oops, g1 gc, windows-amd64)
Heap:
 garbage-first heap   total 240640K, used 185971K [0x0000000080000000, 0x0000000100000000)
  region size 1024K, 25 young (25600K), 9 survivors (9216K)
 Metaspace       used 122056K, capacity 125608K, committed 125824K, reserved 1159168K
  class space    used 15107K, capacity 16419K, committed 16512K, reserved 1048576K
GC Heap History (20 events):
Event: 4137.018 GC heap before
{Heap before GC invocations=72 (full 0):
 garbage-first heap   total 167936K, used 140685K [0x0000000080000000, 0x0000000100000000)
  region size 1024K, 40 young (40960K), 1 survivors (1024K)
 Metaspace       used 101084K, capacity 104154K, committed 104320K, reserved 1140736K
  class space    used 12584K, capacity 13638K, committed 13696K, reserved 1048576K
}
Event: 4137.038 GC heap after
{Heap after GC invocations=73 (full 0):
 garbage-first heap   total 167936K, used 102124K [0x0000000080000000, 0x0000000100000000)
  region size 1024K, 3 young (3072K), 3 survivors (3072K)
 Metaspace       used 101084K, capacity 104154K, committed 104320K, reserved 1140736K
  class space    used 12584K, capacity 13638K, committed 13696K, reserved 1048576K
}
Event: 4139.626 GC heap before
{Heap before GC invocations=74 (full 0):
 garbage-first heap   total 167936K, used 150252K [0x0000000080000000, 0x0000000100000000)
  region size 1024K, 41 young (41984K), 3 survivors (3072K)
 Metaspace       used 102787K, capacity 105834K, committed 106112K, reserved 1140736K
  class space    used 12806K, capacity 13924K, committed 13952K, reserved 1048576K
}
Event: 4139.688 GC heap after
{Heap after GC invocations=75 (full 0):
 garbage-first heap   total 167936K, used 119394K [0x0000000080000000, 0x0000000100000000)
  region size 1024K, 6 young (6144K), 6 survivors (6144K)
 Metaspace       used 102787K, capacity 105834K, committed 106112K, reserved 1140736K
  class space    used 12806K, capacity 13924K, committed 13952K, reserved 1048576K
}
Event: 4139.699 GC heap before
{Heap before GC invocations=75 (full 0):
 garbage-first heap   total 167936K, used 121442K [0x0000000080000000, 0x0000000100000000)
  region size 1024K, 8 young (8192K), 6 survivors (6144K)
 Metaspace       used 102802K, capacity 105837K, committed 106112K, reserved 1140736K
  class space    used 12808K, capacity 13925K, committed 13952K, reserved 1048576K
}
Event: 4139.729 GC heap after
{Heap after GC invocations=76 (full 0):
 garbage-first heap   total 167936K, used 119463K [0x0000000080000000, 0x0000000100000000)
  region size 1024K, 1 young (1024K), 1 survivors (1024K)
 Metaspace       used 102802K, capacity 105837K, committed 106112K, reserved 1140736K
  class space    used 12808K, capacity 13925K, committed 13952K, reserved 1048576K
}
Event: 4140.280 GC heap before
{Heap before GC invocations=76 (full 0):
 garbage-first heap   total 167936K, used 140967K [0x0000000080000000, 0x0000000100000000)
  region size 1024K, 22 young (22528K), 1 survivors (1024K)
 Metaspace       used 104290K, capacity 107422K, committed 107648K, reserved 1142784K
  class space    used 13011K, capacity 14131K, committed 14208K, reserved 1048576K
}
Event: 4140.304 GC heap after
{Heap after GC invocations=77 (full 0):
 garbage-first heap   total 240640K, used 120090K [0x0000000080000000, 0x0000000100000000)
  region size 1024K, 2 young (2048K), 2 survivors (2048K)
 Metaspace       used 104290K, capacity 107422K, committed 107648K, reserved 1142784K
  class space    used 13011K, capacity 14131K, committed 14208K, reserved 1048576K
}
Event: 4140.689 GC heap before
{Heap before GC invocations=78 (full 0):
 garbage-first heap   total 240640K, used 126234K [0x0000000080000000, 0x0000000100000000)
  region size 1024K, 9 young (9216K), 2 survivors (2048K)
 Metaspace       used 104900K, capacity 108060K, committed 108288K, reserved 1142784K
  class space    used 13068K, capacity 14232K, committed 14336K, reserved 1048576K
}
Event: 4140.693 GC heap after
{Heap after GC invocations=79 (full 0):
 garbage-first heap   total 240640K, used 120551K [0x0000000080000000, 0x0000000100000000)
  region size 1024K, 2 young (2048K), 2 survivors (2048K)
 Metaspace       used 104900K, capacity 108060K, committed 108288K, reserved 1142784K
  class space    used 13068K, capacity 14232K, committed 14336K, reserved 1048576K
}
Event: 4142.673 GC heap before
{Heap before GC invocations=80 (full 0):
 garbage-first heap   total 240640K, used 189159K [0x0000000080000000, 0x0000000100000000)
  region size 1024K, 69 young (70656K), 2 survivors (2048K)
 Metaspace       used 109821K, capacity 112981K, committed 113024K, reserved 1146880K
  class space    used 13575K, capacity 14696K, committed 14720K, reserved 1048576K
}
Event: 4142.687 GC heap after
{Heap after GC invocations=81 (full 0):
 garbage-first heap   total 240640K, used 124662K [0x0000000080000000, 0x0000000100000000)
  region size 1024K, 6 young (6144K), 6 survivors (6144K)
 Metaspace       used 109821K, capacity 112981K, committed 113024K, reserved 1146880K
  class space    used 13575K, capacity 14696K, committed 14720K, reserved 1048576K
}
Event: 4145.078 GC heap before
{Heap before GC invocations=81 (full 0):
 garbage-first heap   total 240640K, used 193270K [0x0000000080000000, 0x0000000100000000)
  region size 1024K, 73 young (74752K), 6 survivors (6144K)
 Metaspace       used 115832K, capacity 119256K, committed 119552K, reserved 1153024K
  class space    used 14365K, capacity 15539K, committed 15616K, reserved 1048576K
}
Event: 4145.099 GC heap after
{Heap after GC invocations=82 (full 0):
 garbage-first heap   total 240640K, used 129218K [0x0000000080000000, 0x0000000100000000)
  region size 1024K, 10 young (10240K), 10 survivors (10240K)
 Metaspace       used 115832K, capacity 119256K, committed 119552K, reserved 1153024K
  class space    used 14365K, capacity 15539K, committed 15616K, reserved 1048576K
}
Event: 4480.277 GC heap before
{Heap before GC invocations=83 (full 0):
 garbage-first heap   total 240640K, used 196802K [0x0000000080000000, 0x0000000100000000)
  region size 1024K, 76 young (77824K), 10 survivors (10240K)
 Metaspace       used 118230K, capacity 121679K, committed 121728K, reserved 1155072K
  class space    used 14684K, capacity 15959K, committed 16000K, reserved 1048576K
}
Event: 4480.662 GC heap after
{Heap after GC invocations=84 (full 0):
 garbage-first heap   total 240640K, used 133854K [0x0000000080000000, 0x0000000100000000)
  region size 1024K, 10 young (10240K), 10 survivors (10240K)
 Metaspace       used 118230K, capacity 121679K, committed 121728K, reserved 1155072K
  class space    used 14684K, capacity 15959K, committed 16000K, reserved 1048576K
}
Event: 4485.215 GC heap before
{Heap before GC invocations=84 (full 0):
 garbage-first heap   total 240640K, used 159454K [0x0000000080000000, 0x0000000100000000)
  region size 1024K, 36 young (36864K), 10 survivors (10240K)
 Metaspace       used 118635K, capacity 122202K, committed 122368K, reserved 1155072K
  class space    used 14742K, capacity 16053K, committed 16128K, reserved 1048576K
}
Event: 4485.327 GC heap after
{Heap after GC invocations=85 (full 0):
 garbage-first heap   total 240640K, used 138377K [0x0000000080000000, 0x0000000100000000)
  region size 1024K, 9 young (9216K), 9 survivors (9216K)
 Metaspace       used 118635K, capacity 122202K, committed 122368K, reserved 1155072K
  class space    used 14742K, capacity 16053K, committed 16128K, reserved 1048576K
}
Event: 4489.312 GC heap before
{Heap before GC invocations=86 (full 0):
 garbage-first heap   total 240640K, used 177289K [0x0000000080000000, 0x0000000100000000)
  region size 1024K, 46 young (47104K), 9 survivors (9216K)
 Metaspace       used 119836K, capacity 123364K, committed 123520K, reserved 1157120K
  class space    used 14866K, capacity 16166K, committed 16256K, reserved 1048576K
}
Event: 4489.958 GC heap after
{Heap after GC invocations=87 (full 0):
 garbage-first heap   total 240640K, used 155251K [0x0000000080000000, 0x0000000100000000)
  region size 1024K, 9 young (9216K), 9 survivors (9216K)
 Metaspace       used 119836K, capacity 123364K, committed 123520K, reserved 1157120K
  class space    used 14866K, capacity 16166K, committed 16256K, reserved 1048576K
}

